  [1m[35m (123.1ms)[0m  [1m[35mCREATE DATABASE "biddr_api_development" ENCODING = 'unicode'[0m
  [1m[35m (38.3ms)[0m  [1m[35mCREATE DATABASE "biddr_api_test" ENCODING = 'unicode'[0m
  [1m[35m (14.3ms)[0m  [1m[35mCREATE TABLE "schema_migrations" ("version" character varying NOT NULL PRIMARY KEY)[0m
  [1m[35m (4.6ms)[0m  [1m[35mCREATE TABLE "ar_internal_metadata" ("key" character varying NOT NULL PRIMARY KEY, "value" character varying, "created_at" timestamp(6) NOT NULL, "updated_at" timestamp(6) NOT NULL)[0m
  [1m[35m (0.3ms)[0m  [1m[34mSELECT pg_try_advisory_lock(8427587142396744315)[0m
  [1m[36mActiveRecord::SchemaMigration Pluck (0.4ms)[0m  [1m[34mSELECT "schema_migrations"."version" FROM "schema_migrations" ORDER BY "schema_migrations"."version" ASC[0m
Migrating to CreateUsers (20220419171545)
  [1m[36mTRANSACTION (0.1ms)[0m  [1m[35mBEGIN[0m
  [1m[35m (7.2ms)[0m  [1m[35mCREATE TABLE "users" ("id" bigserial primary key, "first_name" character varying, "last_name" character varying, "email" character varying, "password_digest" character varying, "created_at" timestamp(6) NOT NULL, "updated_at" timestamp(6) NOT NULL)[0m
  [1m[35m (2.8ms)[0m  [1m[35mCREATE UNIQUE INDEX "index_users_on_email" ON "users" ("email")[0m
  [1m[36mActiveRecord::SchemaMigration Create (0.9ms)[0m  [1m[32mINSERT INTO "schema_migrations" ("version") VALUES ($1) RETURNING "version"[0m  [["version", "20220419171545"]]
  [1m[36mTRANSACTION (0.3ms)[0m  [1m[35mCOMMIT[0m
  [1m[36mActiveRecord::InternalMetadata Load (1.1ms)[0m  [1m[34mSELECT "ar_internal_metadata".* FROM "ar_internal_metadata" WHERE "ar_internal_metadata"."key" = $1 LIMIT $2[0m  [["key", "environment"], ["LIMIT", 1]]
  [1m[36mTRANSACTION (16.3ms)[0m  [1m[35mBEGIN[0m
  [1m[36mActiveRecord::InternalMetadata Create (0.9ms)[0m  [1m[32mINSERT INTO "ar_internal_metadata" ("key", "value", "created_at", "updated_at") VALUES ($1, $2, $3, $4) RETURNING "key"[0m  [["key", "environment"], ["value", "development"], ["created_at", "2022-04-19 17:23:13.369071"], ["updated_at", "2022-04-19 17:23:13.369071"]]
  [1m[36mTRANSACTION (0.5ms)[0m  [1m[35mCOMMIT[0m
  [1m[35m (0.2ms)[0m  [1m[34mSELECT pg_advisory_unlock(8427587142396744315)[0m
  [1m[36mActiveRecord::SchemaMigration Pluck (0.5ms)[0m  [1m[34mSELECT "schema_migrations"."version" FROM "schema_migrations" ORDER BY "schema_migrations"."version" ASC[0m
  [1m[35m (0.1ms)[0m  [1m[34mSELECT pg_try_advisory_lock(8427587142396744315)[0m
  [1m[36mActiveRecord::SchemaMigration Pluck (0.9ms)[0m  [1m[34mSELECT "schema_migrations"."version" FROM "schema_migrations" ORDER BY "schema_migrations"."version" ASC[0m
Migrating to CreateAuctions (20220419172826)
  [1m[36mTRANSACTION (0.1ms)[0m  [1m[35mBEGIN[0m
  [1m[35m (6.2ms)[0m  [1m[35mCREATE TABLE "auctions" ("id" bigserial primary key, "title" character varying, "description" text, "current_price" integer, "bid_end_at" timestamp(6), "reserve_price" integer, "user_id" bigint NOT NULL, "created_at" timestamp(6) NOT NULL, "updated_at" timestamp(6) NOT NULL, CONSTRAINT "fk_rails_a21a834151"
FOREIGN KEY ("user_id")
  REFERENCES "users" ("id")
)[0m
  [1m[35m (0.7ms)[0m  [1m[35mCREATE INDEX "index_auctions_on_user_id" ON "auctions" ("user_id")[0m
  [1m[36mActiveRecord::SchemaMigration Create (0.3ms)[0m  [1m[32mINSERT INTO "schema_migrations" ("version") VALUES ($1) RETURNING "version"[0m  [["version", "20220419172826"]]
  [1m[36mTRANSACTION (0.6ms)[0m  [1m[35mCOMMIT[0m
  [1m[36mActiveRecord::InternalMetadata Load (0.3ms)[0m  [1m[34mSELECT "ar_internal_metadata".* FROM "ar_internal_metadata" WHERE "ar_internal_metadata"."key" = $1 LIMIT $2[0m  [["key", "environment"], ["LIMIT", 1]]
  [1m[35m (0.2ms)[0m  [1m[34mSELECT pg_advisory_unlock(8427587142396744315)[0m
  [1m[36mActiveRecord::SchemaMigration Pluck (0.6ms)[0m  [1m[34mSELECT "schema_migrations"."version" FROM "schema_migrations" ORDER BY "schema_migrations"."version" ASC[0m
  [1m[35m (0.2ms)[0m  [1m[34mSELECT pg_try_advisory_lock(8427587142396744315)[0m
  [1m[36mActiveRecord::SchemaMigration Pluck (0.9ms)[0m  [1m[34mSELECT "schema_migrations"."version" FROM "schema_migrations" ORDER BY "schema_migrations"."version" ASC[0m
Migrating to CreateBids (20220419173244)
  [1m[36mTRANSACTION (0.1ms)[0m  [1m[35mBEGIN[0m
  [1m[35m (8.1ms)[0m  [1m[35mCREATE TABLE "bids" ("id" bigserial primary key, "bid_price" integer, "user_id" bigint NOT NULL, "auction_id" bigint NOT NULL, "created_at" timestamp(6) NOT NULL, "updated_at" timestamp(6) NOT NULL, CONSTRAINT "fk_rails_e173de2ed3"
FOREIGN KEY ("user_id")
  REFERENCES "users" ("id")
, CONSTRAINT "fk_rails_7332d1a025"
FOREIGN KEY ("auction_id")
  REFERENCES "auctions" ("id")
)[0m
  [1m[35m (1.4ms)[0m  [1m[35mCREATE INDEX "index_bids_on_user_id" ON "bids" ("user_id")[0m
  [1m[35m (0.8ms)[0m  [1m[35mCREATE INDEX "index_bids_on_auction_id" ON "bids" ("auction_id")[0m
  [1m[36mActiveRecord::SchemaMigration Create (0.2ms)[0m  [1m[32mINSERT INTO "schema_migrations" ("version") VALUES ($1) RETURNING "version"[0m  [["version", "20220419173244"]]
  [1m[36mTRANSACTION (0.4ms)[0m  [1m[35mCOMMIT[0m
  [1m[36mActiveRecord::InternalMetadata Load (0.3ms)[0m  [1m[34mSELECT "ar_internal_metadata".* FROM "ar_internal_metadata" WHERE "ar_internal_metadata"."key" = $1 LIMIT $2[0m  [["key", "environment"], ["LIMIT", 1]]
  [1m[35m (0.2ms)[0m  [1m[34mSELECT pg_advisory_unlock(8427587142396744315)[0m
  [1m[36mActiveRecord::SchemaMigration Pluck (0.2ms)[0m  [1m[34mSELECT "schema_migrations"."version" FROM "schema_migrations" ORDER BY "schema_migrations"."version" ASC[0m
  [1m[36mUser Load (1.9ms)[0m  [1m[34mSELECT "users".* FROM "users"[0m
  [1m[36mBid Load (2.0ms)[0m  [1m[34mSELECT "bids".* FROM "bids"[0m
  [1m[36mAuction Load (3.0ms)[0m  [1m[34mSELECT "auctions".* FROM "auctions"[0m
  [1m[36mActiveRecord::SchemaMigration Pluck (0.4ms)[0m  [1m[34mSELECT "schema_migrations"."version" FROM "schema_migrations" ORDER BY "schema_migrations"."version" ASC[0m
  [1m[36mActiveRecord::SchemaMigration Pluck (0.5ms)[0m  [1m[34mSELECT "schema_migrations"."version" FROM "schema_migrations" ORDER BY "schema_migrations"."version" ASC[0m
  [1m[36mActiveRecord::SchemaMigration Pluck (1.4ms)[0m  [1m[34mSELECT "schema_migrations"."version" FROM "schema_migrations" ORDER BY "schema_migrations"."version" ASC[0m
  [1m[36mUser Load (1.7ms)[0m  [1m[34mSELECT "users".* FROM "users"[0m
  [1m[36mBid Load (0.7ms)[0m  [1m[34mSELECT "bids".* FROM "bids"[0m
  [1m[36mAuction Load (0.3ms)[0m  [1m[34mSELECT "auctions".* FROM "auctions"[0m
  [1m[36mUser Load (0.9ms)[0m  [1m[34mSELECT "users".* FROM "users"[0m
  [1m[36mActiveRecord::SchemaMigration Pluck (0.5ms)[0m  [1m[34mSELECT "schema_migrations"."version" FROM "schema_migrations" ORDER BY "schema_migrations"."version" ASC[0m
  [1m[36mUser Load (0.7ms)[0m  [1m[34mSELECT "users".* FROM "users"[0m
  [1m[36mBid Load (0.4ms)[0m  [1m[34mSELECT "bids".* FROM "bids"[0m
  [1m[36mAuction Load (0.3ms)[0m  [1m[34mSELECT "auctions".* FROM "auctions"[0m
  [1m[36mTRANSACTION (0.1ms)[0m  [1m[35mBEGIN[0m
  [1m[36mUser Exists? (0.4ms)[0m  [1m[34mSELECT 1 AS one FROM "users" WHERE "users"."email" = $1 LIMIT $2[0m  [["email", "admin@user.com"], ["LIMIT", 1]]
  [1m[36mUser Create (0.5ms)[0m  [1m[32mINSERT INTO "users" ("first_name", "last_name", "email", "password_digest", "created_at", "updated_at") VALUES ($1, $2, $3, $4, $5, $6) RETURNING "id"[0m  [["first_name", "Admin"], ["last_name", "User"], ["email", "admin@user.com"], ["password_digest", "[FILTERED]"], ["created_at", "2022-04-19 18:11:03.367800"], ["updated_at", "2022-04-19 18:11:03.367800"]]
  [1m[36mTRANSACTION (0.7ms)[0m  [1m[35mCOMMIT[0m
  [1m[36mTRANSACTION (0.2ms)[0m  [1m[35mBEGIN[0m
  [1m[36mUser Exists? (0.3ms)[0m  [1m[34mSELECT 1 AS one FROM "users" WHERE "users"."email" = $1 LIMIT $2[0m  [["email", "Francisco_Jacobs@user.com"], ["LIMIT", 1]]
  [1m[36mUser Create (0.2ms)[0m  [1m[32mINSERT INTO "users" ("first_name", "last_name", "email", "password_digest", "created_at", "updated_at") VALUES ($1, $2, $3, $4, $5, $6) RETURNING "id"[0m  [["first_name", "Francisco"], ["last_name", "Jacobs"], ["email", "Francisco_Jacobs@user.com"], ["password_digest", "[FILTERED]"], ["created_at", "2022-04-19 18:11:04.255273"], ["updated_at", "2022-04-19 18:11:04.255273"]]
  [1m[36mTRANSACTION (0.5ms)[0m  [1m[35mCOMMIT[0m
  [1m[36mTRANSACTION (0.1ms)[0m  [1m[35mBEGIN[0m
  [1m[36mUser Exists? (0.2ms)[0m  [1m[34mSELECT 1 AS one FROM "users" WHERE "users"."email" = $1 LIMIT $2[0m  [["email", "Mira_Halvorson@user.com"], ["LIMIT", 1]]
  [1m[36mUser Create (0.2ms)[0m  [1m[32mINSERT INTO "users" ("first_name", "last_name", "email", "password_digest", "created_at", "updated_at") VALUES ($1, $2, $3, $4, $5, $6) RETURNING "id"[0m  [["first_name", "Mira"], ["last_name", "Halvorson"], ["email", "Mira_Halvorson@user.com"], ["password_digest", "[FILTERED]"], ["created_at", "2022-04-19 18:11:04.257852"], ["updated_at", "2022-04-19 18:11:04.257852"]]
  [1m[36mTRANSACTION (0.2ms)[0m  [1m[35mCOMMIT[0m
  [1m[36mTRANSACTION (0.5ms)[0m  [1m[35mBEGIN[0m
  [1m[36mUser Exists? (0.2ms)[0m  [1m[34mSELECT 1 AS one FROM "users" WHERE "users"."email" = $1 LIMIT $2[0m  [["email", "Gena_Fahey@user.com"], ["LIMIT", 1]]
  [1m[36mUser Create (0.2ms)[0m  [1m[32mINSERT INTO "users" ("first_name", "last_name", "email", "password_digest", "created_at", "updated_at") VALUES ($1, $2, $3, $4, $5, $6) RETURNING "id"[0m  [["first_name", "Gena"], ["last_name", "Fahey"], ["email", "Gena_Fahey@user.com"], ["password_digest", "[FILTERED]"], ["created_at", "2022-04-19 18:11:04.260561"], ["updated_at", "2022-04-19 18:11:04.260561"]]
  [1m[36mTRANSACTION (0.2ms)[0m  [1m[35mCOMMIT[0m
  [1m[36mTRANSACTION (0.1ms)[0m  [1m[35mBEGIN[0m
  [1m[36mUser Exists? (0.2ms)[0m  [1m[34mSELECT 1 AS one FROM "users" WHERE "users"."email" = $1 LIMIT $2[0m  [["email", "Juli_Wisoky@user.com"], ["LIMIT", 1]]
  [1m[36mUser Create (0.4ms)[0m  [1m[32mINSERT INTO "users" ("first_name", "last_name", "email", "password_digest", "created_at", "updated_at") VALUES ($1, $2, $3, $4, $5, $6) RETURNING "id"[0m  [["first_name", "Juli"], ["last_name", "Wisoky"], ["email", "Juli_Wisoky@user.com"], ["password_digest", "[FILTERED]"], ["created_at", "2022-04-19 18:11:04.262539"], ["updated_at", "2022-04-19 18:11:04.262539"]]
  [1m[36mTRANSACTION (0.2ms)[0m  [1m[35mCOMMIT[0m
  [1m[36mTRANSACTION (0.1ms)[0m  [1m[35mBEGIN[0m
  [1m[36mUser Exists? (0.2ms)[0m  [1m[34mSELECT 1 AS one FROM "users" WHERE "users"."email" = $1 LIMIT $2[0m  [["email", "Roland_Kovacek@user.com"], ["LIMIT", 1]]
  [1m[36mUser Create (0.1ms)[0m  [1m[32mINSERT INTO "users" ("first_name", "last_name", "email", "password_digest", "created_at", "updated_at") VALUES ($1, $2, $3, $4, $5, $6) RETURNING "id"[0m  [["first_name", "Roland"], ["last_name", "Kovacek"], ["email", "Roland_Kovacek@user.com"], ["password_digest", "[FILTERED]"], ["created_at", "2022-04-19 18:11:04.264767"], ["updated_at", "2022-04-19 18:11:04.264767"]]
  [1m[36mTRANSACTION (0.3ms)[0m  [1m[35mCOMMIT[0m
  [1m[36mUser Load (0.2ms)[0m  [1m[34mSELECT "users".* FROM "users"[0m
  [1m[36mActiveRecord::SchemaMigration Pluck (0.9ms)[0m  [1m[34mSELECT "schema_migrations"."version" FROM "schema_migrations" ORDER BY "schema_migrations"."version" ASC[0m
  [1m[36mActiveRecord::InternalMetadata Pluck (2.7ms)[0m  [1m[34mSELECT "ar_internal_metadata"."value" FROM "ar_internal_metadata" WHERE "ar_internal_metadata"."key" = $1 LIMIT $2[0m  [["key", "environment"], ["LIMIT", 1]]
  [1m[36mActiveRecord::SchemaMigration Pluck (0.1ms)[0m  [1m[34mSELECT "schema_migrations"."version" FROM "schema_migrations" ORDER BY "schema_migrations"."version" ASC[0m
  [1m[36mActiveRecord::InternalMetadata Pluck (0.9ms)[0m  [1m[34mSELECT "ar_internal_metadata"."value" FROM "ar_internal_metadata" WHERE "ar_internal_metadata"."key" = $1 LIMIT $2[0m  [["key", "environment"], ["LIMIT", 1]]
  [1m[36mActiveRecord::SchemaMigration Pluck (0.2ms)[0m  [1m[34mSELECT "schema_migrations"."version" FROM "schema_migrations" ORDER BY "schema_migrations"."version" ASC[0m
  [1m[36mActiveRecord::InternalMetadata Pluck (0.1ms)[0m  [1m[34mSELECT "ar_internal_metadata"."value" FROM "ar_internal_metadata" WHERE "ar_internal_metadata"."key" = $1 LIMIT $2[0m  [["key", "environment"], ["LIMIT", 1]]
  [1m[35m (8336.9ms)[0m  [1m[35mDROP DATABASE IF EXISTS "biddr_api_development"[0m
  [1m[36mActiveRecord::SchemaMigration Pluck (0.5ms)[0m  [1m[34mSELECT "schema_migrations"."version" FROM "schema_migrations" ORDER BY "schema_migrations"."version" ASC[0m
  [1m[36mUser Load (0.8ms)[0m  [1m[34mSELECT "users".* FROM "users"[0m
  [1m[36mTRANSACTION (0.1ms)[0m  [1m[35mBEGIN[0m
  [1m[36mAuction Load (1.0ms)[0m  [1m[34mSELECT "auctions".* FROM "auctions" WHERE "auctions"."user_id" = $1[0m  [["user_id", 1]]
  [1m[36mBid Load (0.8ms)[0m  [1m[34mSELECT "bids".* FROM "bids" WHERE "bids"."user_id" = $1[0m  [["user_id", 1]]
  [1m[36mUser Destroy (1.6ms)[0m  [1m[31mDELETE FROM "users" WHERE "users"."id" = $1[0m  [["id", 1]]
  [1m[36mTRANSACTION (0.4ms)[0m  [1m[35mCOMMIT[0m
  [1m[36mTRANSACTION (0.1ms)[0m  [1m[35mBEGIN[0m
  [1m[36mAuction Load (0.3ms)[0m  [1m[34mSELECT "auctions".* FROM "auctions" WHERE "auctions"."user_id" = $1[0m  [["user_id", 2]]
  [1m[36mBid Load (0.1ms)[0m  [1m[34mSELECT "bids".* FROM "bids" WHERE "bids"."user_id" = $1[0m  [["user_id", 2]]
  [1m[36mUser Destroy (0.6ms)[0m  [1m[31mDELETE FROM "users" WHERE "users"."id" = $1[0m  [["id", 2]]
  [1m[36mTRANSACTION (0.3ms)[0m  [1m[35mCOMMIT[0m
  [1m[36mTRANSACTION (0.1ms)[0m  [1m[35mBEGIN[0m
  [1m[36mAuction Load (0.2ms)[0m  [1m[34mSELECT "auctions".* FROM "auctions" WHERE "auctions"."user_id" = $1[0m  [["user_id", 3]]
  [1m[36mBid Load (0.2ms)[0m  [1m[34mSELECT "bids".* FROM "bids" WHERE "bids"."user_id" = $1[0m  [["user_id", 3]]
  [1m[36mUser Destroy (0.5ms)[0m  [1m[31mDELETE FROM "users" WHERE "users"."id" = $1[0m  [["id", 3]]
  [1m[36mTRANSACTION (0.2ms)[0m  [1m[35mCOMMIT[0m
  [1m[36mTRANSACTION (0.1ms)[0m  [1m[35mBEGIN[0m
  [1m[36mAuction Load (0.2ms)[0m  [1m[34mSELECT "auctions".* FROM "auctions" WHERE "auctions"."user_id" = $1[0m  [["user_id", 4]]
  [1m[36mBid Load (0.2ms)[0m  [1m[34mSELECT "bids".* FROM "bids" WHERE "bids"."user_id" = $1[0m  [["user_id", 4]]
  [1m[36mUser Destroy (0.5ms)[0m  [1m[31mDELETE FROM "users" WHERE "users"."id" = $1[0m  [["id", 4]]
  [1m[36mTRANSACTION (0.3ms)[0m  [1m[35mCOMMIT[0m
  [1m[36mTRANSACTION (0.2ms)[0m  [1m[35mBEGIN[0m
  [1m[36mAuction Load (0.2ms)[0m  [1m[34mSELECT "auctions".* FROM "auctions" WHERE "auctions"."user_id" = $1[0m  [["user_id", 5]]
  [1m[36mBid Load (0.2ms)[0m  [1m[34mSELECT "bids".* FROM "bids" WHERE "bids"."user_id" = $1[0m  [["user_id", 5]]
  [1m[36mUser Destroy (0.5ms)[0m  [1m[31mDELETE FROM "users" WHERE "users"."id" = $1[0m  [["id", 5]]
  [1m[36mTRANSACTION (0.8ms)[0m  [1m[35mCOMMIT[0m
  [1m[36mTRANSACTION (0.1ms)[0m  [1m[35mBEGIN[0m
  [1m[36mAuction Load (0.2ms)[0m  [1m[34mSELECT "auctions".* FROM "auctions" WHERE "auctions"."user_id" = $1[0m  [["user_id", 6]]
  [1m[36mBid Load (0.2ms)[0m  [1m[34mSELECT "bids".* FROM "bids" WHERE "bids"."user_id" = $1[0m  [["user_id", 6]]
  [1m[36mUser Destroy (0.6ms)[0m  [1m[31mDELETE FROM "users" WHERE "users"."id" = $1[0m  [["id", 6]]
  [1m[36mTRANSACTION (0.3ms)[0m  [1m[35mCOMMIT[0m
  [1m[36mBid Load (0.2ms)[0m  [1m[34mSELECT "bids".* FROM "bids"[0m
  [1m[36mAuction Load (0.2ms)[0m  [1m[34mSELECT "auctions".* FROM "auctions"[0m
  [1m[36mTRANSACTION (0.1ms)[0m  [1m[35mBEGIN[0m
  [1m[36mUser Exists? (1.1ms)[0m  [1m[34mSELECT 1 AS one FROM "users" WHERE "users"."email" = $1 LIMIT $2[0m  [["email", "admin@user.com"], ["LIMIT", 1]]
  [1m[36mUser Create (0.4ms)[0m  [1m[32mINSERT INTO "users" ("first_name", "last_name", "email", "password_digest", "created_at", "updated_at") VALUES ($1, $2, $3, $4, $5, $6) RETURNING "id"[0m  [["first_name", "Admin"], ["last_name", "User"], ["email", "admin@user.com"], ["password_digest", "[FILTERED]"], ["created_at", "2022-04-19 18:11:58.146559"], ["updated_at", "2022-04-19 18:11:58.146559"]]
  [1m[36mTRANSACTION (0.3ms)[0m  [1m[35mCOMMIT[0m
  [1m[36mTRANSACTION (0.2ms)[0m  [1m[35mBEGIN[0m
  [1m[36mUser Exists? (1.5ms)[0m  [1m[34mSELECT 1 AS one FROM "users" WHERE "users"."email" = $1 LIMIT $2[0m  [["email", "Isaac_Rice@user.com"], ["LIMIT", 1]]
  [1m[36mUser Create (0.3ms)[0m  [1m[32mINSERT INTO "users" ("first_name", "last_name", "email", "password_digest", "created_at", "updated_at") VALUES ($1, $2, $3, $4, $5, $6) RETURNING "id"[0m  [["first_name", "Isaac"], ["last_name", "Rice"], ["email", "Isaac_Rice@user.com"], ["password_digest", "[FILTERED]"], ["created_at", "2022-04-19 18:11:58.227545"], ["updated_at", "2022-04-19 18:11:58.227545"]]
  [1m[36mTRANSACTION (0.8ms)[0m  [1m[35mCOMMIT[0m
  [1m[36mTRANSACTION (0.9ms)[0m  [1m[35mBEGIN[0m
  [1m[36mUser Exists? (0.3ms)[0m  [1m[34mSELECT 1 AS one FROM "users" WHERE "users"."email" = $1 LIMIT $2[0m  [["email", "Larita_Kassulke@user.com"], ["LIMIT", 1]]
  [1m[36mUser Create (0.3ms)[0m  [1m[32mINSERT INTO "users" ("first_name", "last_name", "email", "password_digest", "created_at", "updated_at") VALUES ($1, $2, $3, $4, $5, $6) RETURNING "id"[0m  [["first_name", "Larita"], ["last_name", "Kassulke"], ["email", "Larita_Kassulke@user.com"], ["password_digest", "[FILTERED]"], ["created_at", "2022-04-19 18:11:58.231390"], ["updated_at", "2022-04-19 18:11:58.231390"]]
  [1m[36mTRANSACTION (0.3ms)[0m  [1m[35mCOMMIT[0m
  [1m[36mTRANSACTION (0.1ms)[0m  [1m[35mBEGIN[0m
  [1m[36mUser Exists? (0.3ms)[0m  [1m[34mSELECT 1 AS one FROM "users" WHERE "users"."email" = $1 LIMIT $2[0m  [["email", "Mack_Spencer@user.com"], ["LIMIT", 1]]
  [1m[36mUser Create (0.2ms)[0m  [1m[32mINSERT INTO "users" ("first_name", "last_name", "email", "password_digest", "created_at", "updated_at") VALUES ($1, $2, $3, $4, $5, $6) RETURNING "id"[0m  [["first_name", "Mack"], ["last_name", "Spencer"], ["email", "Mack_Spencer@user.com"], ["password_digest", "[FILTERED]"], ["created_at", "2022-04-19 18:11:58.233740"], ["updated_at", "2022-04-19 18:11:58.233740"]]
  [1m[36mTRANSACTION (0.2ms)[0m  [1m[35mCOMMIT[0m
  [1m[36mTRANSACTION (0.1ms)[0m  [1m[35mBEGIN[0m
  [1m[36mUser Exists? (0.2ms)[0m  [1m[34mSELECT 1 AS one FROM "users" WHERE "users"."email" = $1 LIMIT $2[0m  [["email", "Owen_Morar@user.com"], ["LIMIT", 1]]
  [1m[36mUser Create (0.3ms)[0m  [1m[32mINSERT INTO "users" ("first_name", "last_name", "email", "password_digest", "created_at", "updated_at") VALUES ($1, $2, $3, $4, $5, $6) RETURNING "id"[0m  [["first_name", "Owen"], ["last_name", "Morar"], ["email", "Owen_Morar@user.com"], ["password_digest", "[FILTERED]"], ["created_at", "2022-04-19 18:11:58.235822"], ["updated_at", "2022-04-19 18:11:58.235822"]]
  [1m[36mTRANSACTION (0.2ms)[0m  [1m[35mCOMMIT[0m
  [1m[36mTRANSACTION (0.1ms)[0m  [1m[35mBEGIN[0m
  [1m[36mUser Exists? (0.2ms)[0m  [1m[34mSELECT 1 AS one FROM "users" WHERE "users"."email" = $1 LIMIT $2[0m  [["email", "Sean_Nitzsche@user.com"], ["LIMIT", 1]]
  [1m[36mUser Create (0.2ms)[0m  [1m[32mINSERT INTO "users" ("first_name", "last_name", "email", "password_digest", "created_at", "updated_at") VALUES ($1, $2, $3, $4, $5, $6) RETURNING "id"[0m  [["first_name", "Sean"], ["last_name", "Nitzsche"], ["email", "Sean_Nitzsche@user.com"], ["password_digest", "[FILTERED]"], ["created_at", "2022-04-19 18:11:58.238043"], ["updated_at", "2022-04-19 18:11:58.238043"]]
  [1m[36mTRANSACTION (0.2ms)[0m  [1m[35mCOMMIT[0m
  [1m[36mUser Load (0.2ms)[0m  [1m[34mSELECT "users".* FROM "users"[0m
  [1m[36mTRANSACTION (0.1ms)[0m  [1m[35mBEGIN[0m
  [1m[36mAuction Create (1.0ms)[0m  [1m[32mINSERT INTO "auctions" ("title", "description", "current_price", "bid_end_at", "reserve_price", "user_id", "created_at", "updated_at") VALUES ($1, $2, $3, $4, $5, $6, $7, $8) RETURNING "id"[0m  [["title", "Samsung"], ["description", "Casio Exilim EX-ZR200"], ["current_price", 5], ["bid_end_at", nil], ["reserve_price", nil], ["user_id", 11], ["created_at", "2022-03-26 00:00:00"], ["updated_at", "2022-03-26 00:00:00"]]
  [1m[36mTRANSACTION (0.7ms)[0m  [1m[35mCOMMIT[0m
  [1m[36mActiveRecord::SchemaMigration Pluck (1.4ms)[0m  [1m[34mSELECT "schema_migrations"."version" FROM "schema_migrations" ORDER BY "schema_migrations"."version" ASC[0m
  [1m[36mUser Load (1.5ms)[0m  [1m[34mSELECT "users".* FROM "users"[0m
  [1m[36mTRANSACTION (0.1ms)[0m  [1m[35mBEGIN[0m
  [1m[36mAuction Load (0.4ms)[0m  [1m[34mSELECT "auctions".* FROM "auctions" WHERE "auctions"."user_id" = $1[0m  [["user_id", 7]]
  [1m[36mBid Load (0.4ms)[0m  [1m[34mSELECT "bids".* FROM "bids" WHERE "bids"."user_id" = $1[0m  [["user_id", 7]]
  [1m[36mUser Destroy (0.5ms)[0m  [1m[31mDELETE FROM "users" WHERE "users"."id" = $1[0m  [["id", 7]]
  [1m[36mTRANSACTION (0.4ms)[0m  [1m[35mCOMMIT[0m
  [1m[36mTRANSACTION (0.1ms)[0m  [1m[35mBEGIN[0m
  [1m[36mAuction Load (0.1ms)[0m  [1m[34mSELECT "auctions".* FROM "auctions" WHERE "auctions"."user_id" = $1[0m  [["user_id", 8]]
  [1m[36mBid Load (0.1ms)[0m  [1m[34mSELECT "bids".* FROM "bids" WHERE "bids"."user_id" = $1[0m  [["user_id", 8]]
  [1m[36mUser Destroy (0.3ms)[0m  [1m[31mDELETE FROM "users" WHERE "users"."id" = $1[0m  [["id", 8]]
  [1m[36mTRANSACTION (0.2ms)[0m  [1m[35mCOMMIT[0m
  [1m[36mTRANSACTION (0.1ms)[0m  [1m[35mBEGIN[0m
  [1m[36mAuction Load (0.1ms)[0m  [1m[34mSELECT "auctions".* FROM "auctions" WHERE "auctions"."user_id" = $1[0m  [["user_id", 9]]
  [1m[36mBid Load (0.1ms)[0m  [1m[34mSELECT "bids".* FROM "bids" WHERE "bids"."user_id" = $1[0m  [["user_id", 9]]
  [1m[36mUser Destroy (0.2ms)[0m  [1m[31mDELETE FROM "users" WHERE "users"."id" = $1[0m  [["id", 9]]
  [1m[36mTRANSACTION (0.1ms)[0m  [1m[35mCOMMIT[0m
  [1m[36mTRANSACTION (0.1ms)[0m  [1m[35mBEGIN[0m
  [1m[36mAuction Load (0.3ms)[0m  [1m[34mSELECT "auctions".* FROM "auctions" WHERE "auctions"."user_id" = $1[0m  [["user_id", 10]]
  [1m[36mBid Load (0.1ms)[0m  [1m[34mSELECT "bids".* FROM "bids" WHERE "bids"."user_id" = $1[0m  [["user_id", 10]]
  [1m[36mUser Destroy (0.3ms)[0m  [1m[31mDELETE FROM "users" WHERE "users"."id" = $1[0m  [["id", 10]]
  [1m[36mTRANSACTION (0.2ms)[0m  [1m[35mCOMMIT[0m
  [1m[36mTRANSACTION (0.0ms)[0m  [1m[35mBEGIN[0m
  [1m[36mAuction Load (0.1ms)[0m  [1m[34mSELECT "auctions".* FROM "auctions" WHERE "auctions"."user_id" = $1[0m  [["user_id", 11]]
  [1m[36mAuction Destroy (0.4ms)[0m  [1m[31mDELETE FROM "auctions" WHERE "auctions"."id" = $1[0m  [["id", 1]]
  [1m[36mBid Load (0.1ms)[0m  [1m[34mSELECT "bids".* FROM "bids" WHERE "bids"."user_id" = $1[0m  [["user_id", 11]]
  [1m[36mUser Destroy (0.2ms)[0m  [1m[31mDELETE FROM "users" WHERE "users"."id" = $1[0m  [["id", 11]]
  [1m[36mTRANSACTION (0.3ms)[0m  [1m[35mCOMMIT[0m
  [1m[36mTRANSACTION (0.1ms)[0m  [1m[35mBEGIN[0m
  [1m[36mAuction Load (0.6ms)[0m  [1m[34mSELECT "auctions".* FROM "auctions" WHERE "auctions"."user_id" = $1[0m  [["user_id", 12]]
  [1m[36mBid Load (0.2ms)[0m  [1m[34mSELECT "bids".* FROM "bids" WHERE "bids"."user_id" = $1[0m  [["user_id", 12]]
  [1m[36mUser Destroy (0.6ms)[0m  [1m[31mDELETE FROM "users" WHERE "users"."id" = $1[0m  [["id", 12]]
  [1m[36mTRANSACTION (0.3ms)[0m  [1m[35mCOMMIT[0m
  [1m[36mBid Load (0.2ms)[0m  [1m[34mSELECT "bids".* FROM "bids"[0m
  [1m[36mAuction Load (0.2ms)[0m  [1m[34mSELECT "auctions".* FROM "auctions"[0m
  [1m[36mTRANSACTION (0.1ms)[0m  [1m[35mBEGIN[0m
  [1m[36mUser Exists? (0.4ms)[0m  [1m[34mSELECT 1 AS one FROM "users" WHERE "users"."email" = $1 LIMIT $2[0m  [["email", "admin@user.com"], ["LIMIT", 1]]
  [1m[36mUser Create (1.3ms)[0m  [1m[32mINSERT INTO "users" ("first_name", "last_name", "email", "password_digest", "created_at", "updated_at") VALUES ($1, $2, $3, $4, $5, $6) RETURNING "id"[0m  [["first_name", "Admin"], ["last_name", "User"], ["email", "admin@user.com"], ["password_digest", "[FILTERED]"], ["created_at", "2022-04-19 18:12:46.605782"], ["updated_at", "2022-04-19 18:12:46.605782"]]
  [1m[36mTRANSACTION (0.7ms)[0m  [1m[35mCOMMIT[0m
  [1m[36mTRANSACTION (0.1ms)[0m  [1m[35mBEGIN[0m
  [1m[36mUser Exists? (0.4ms)[0m  [1m[34mSELECT 1 AS one FROM "users" WHERE "users"."email" = $1 LIMIT $2[0m  [["email", "Alexandra_Cole@user.com"], ["LIMIT", 1]]
  [1m[36mUser Create (0.3ms)[0m  [1m[32mINSERT INTO "users" ("first_name", "last_name", "email", "password_digest", "created_at", "updated_at") VALUES ($1, $2, $3, $4, $5, $6) RETURNING "id"[0m  [["first_name", "Alexandra"], ["last_name", "Cole"], ["email", "Alexandra_Cole@user.com"], ["password_digest", "[FILTERED]"], ["created_at", "2022-04-19 18:12:46.709554"], ["updated_at", "2022-04-19 18:12:46.709554"]]
  [1m[36mTRANSACTION (1.0ms)[0m  [1m[35mCOMMIT[0m
  [1m[36mTRANSACTION (0.1ms)[0m  [1m[35mBEGIN[0m
  [1m[36mUser Exists? (0.3ms)[0m  [1m[34mSELECT 1 AS one FROM "users" WHERE "users"."email" = $1 LIMIT $2[0m  [["email", "Etsuko_Goldner@user.com"], ["LIMIT", 1]]
  [1m[36mUser Create (0.3ms)[0m  [1m[32mINSERT INTO "users" ("first_name", "last_name", "email", "password_digest", "created_at", "updated_at") VALUES ($1, $2, $3, $4, $5, $6) RETURNING "id"[0m  [["first_name", "Etsuko"], ["last_name", "Goldner"], ["email", "Etsuko_Goldner@user.com"], ["password_digest", "[FILTERED]"], ["created_at", "2022-04-19 18:12:46.712691"], ["updated_at", "2022-04-19 18:12:46.712691"]]
  [1m[36mTRANSACTION (0.3ms)[0m  [1m[35mCOMMIT[0m
  [1m[36mTRANSACTION (0.1ms)[0m  [1m[35mBEGIN[0m
  [1m[36mUser Exists? (0.2ms)[0m  [1m[34mSELECT 1 AS one FROM "users" WHERE "users"."email" = $1 LIMIT $2[0m  [["email", "Lekisha_Medhurst@user.com"], ["LIMIT", 1]]
  [1m[36mUser Create (0.2ms)[0m  [1m[32mINSERT INTO "users" ("first_name", "last_name", "email", "password_digest", "created_at", "updated_at") VALUES ($1, $2, $3, $4, $5, $6) RETURNING "id"[0m  [["first_name", "Lekisha"], ["last_name", "Medhurst"], ["email", "Lekisha_Medhurst@user.com"], ["password_digest", "[FILTERED]"], ["created_at", "2022-04-19 18:12:46.714894"], ["updated_at", "2022-04-19 18:12:46.714894"]]
  [1m[36mTRANSACTION (0.2ms)[0m  [1m[35mCOMMIT[0m
  [1m[36mTRANSACTION (0.4ms)[0m  [1m[35mBEGIN[0m
  [1m[36mUser Exists? (0.2ms)[0m  [1m[34mSELECT 1 AS one FROM "users" WHERE "users"."email" = $1 LIMIT $2[0m  [["email", "Rickey_Gerhold@user.com"], ["LIMIT", 1]]
  [1m[36mUser Create (0.4ms)[0m  [1m[32mINSERT INTO "users" ("first_name", "last_name", "email", "password_digest", "created_at", "updated_at") VALUES ($1, $2, $3, $4, $5, $6) RETURNING "id"[0m  [["first_name", "Rickey"], ["last_name", "Gerhold"], ["email", "Rickey_Gerhold@user.com"], ["password_digest", "[FILTERED]"], ["created_at", "2022-04-19 18:12:46.717381"], ["updated_at", "2022-04-19 18:12:46.717381"]]
  [1m[36mTRANSACTION (0.3ms)[0m  [1m[35mCOMMIT[0m
  [1m[36mTRANSACTION (0.1ms)[0m  [1m[35mBEGIN[0m
  [1m[36mUser Exists? (0.2ms)[0m  [1m[34mSELECT 1 AS one FROM "users" WHERE "users"."email" = $1 LIMIT $2[0m  [["email", "Coleman_Mann@user.com"], ["LIMIT", 1]]
  [1m[36mUser Create (0.2ms)[0m  [1m[32mINSERT INTO "users" ("first_name", "last_name", "email", "password_digest", "created_at", "updated_at") VALUES ($1, $2, $3, $4, $5, $6) RETURNING "id"[0m  [["first_name", "Coleman"], ["last_name", "Mann"], ["email", "Coleman_Mann@user.com"], ["password_digest", "[FILTERED]"], ["created_at", "2022-04-19 18:12:46.719774"], ["updated_at", "2022-04-19 18:12:46.719774"]]
  [1m[36mTRANSACTION (1.7ms)[0m  [1m[35mCOMMIT[0m
  [1m[36mUser Load (0.3ms)[0m  [1m[34mSELECT "users".* FROM "users"[0m
  [1m[36mTRANSACTION (0.1ms)[0m  [1m[35mBEGIN[0m
  [1m[36mAuction Create (0.5ms)[0m  [1m[32mINSERT INTO "auctions" ("title", "description", "current_price", "bid_end_at", "reserve_price", "user_id", "created_at", "updated_at") VALUES ($1, $2, $3, $4, $5, $6, $7, $8) RETURNING "id"[0m  [["title", "Benq"], ["description", "Panasonic Lumix DMC-ZS50"], ["current_price", 1], ["bid_end_at", nil], ["reserve_price", nil], ["user_id", 18], ["created_at", "2022-04-12 00:00:00"], ["updated_at", "2022-04-12 00:00:00"]]
  [1m[36mTRANSACTION (0.3ms)[0m  [1m[35mCOMMIT[0m
  [1m[36mActiveRecord::SchemaMigration Pluck (0.4ms)[0m  [1m[34mSELECT "schema_migrations"."version" FROM "schema_migrations" ORDER BY "schema_migrations"."version" ASC[0m
  [1m[36mUser Load (0.9ms)[0m  [1m[34mSELECT "users".* FROM "users"[0m
  [1m[36mTRANSACTION (0.1ms)[0m  [1m[35mBEGIN[0m
  [1m[36mAuction Load (0.4ms)[0m  [1m[34mSELECT "auctions".* FROM "auctions" WHERE "auctions"."user_id" = $1[0m  [["user_id", 13]]
  [1m[36mBid Load (0.4ms)[0m  [1m[34mSELECT "bids".* FROM "bids" WHERE "bids"."user_id" = $1[0m  [["user_id", 13]]
  [1m[36mUser Destroy (0.4ms)[0m  [1m[31mDELETE FROM "users" WHERE "users"."id" = $1[0m  [["id", 13]]
  [1m[36mTRANSACTION (0.4ms)[0m  [1m[35mCOMMIT[0m
  [1m[36mTRANSACTION (0.1ms)[0m  [1m[35mBEGIN[0m
  [1m[36mAuction Load (0.1ms)[0m  [1m[34mSELECT "auctions".* FROM "auctions" WHERE "auctions"."user_id" = $1[0m  [["user_id", 14]]
  [1m[36mBid Load (0.1ms)[0m  [1m[34mSELECT "bids".* FROM "bids" WHERE "bids"."user_id" = $1[0m  [["user_id", 14]]
  [1m[36mUser Destroy (0.4ms)[0m  [1m[31mDELETE FROM "users" WHERE "users"."id" = $1[0m  [["id", 14]]
  [1m[36mTRANSACTION (0.2ms)[0m  [1m[35mCOMMIT[0m
  [1m[36mTRANSACTION (0.1ms)[0m  [1m[35mBEGIN[0m
  [1m[36mAuction Load (0.1ms)[0m  [1m[34mSELECT "auctions".* FROM "auctions" WHERE "auctions"."user_id" = $1[0m  [["user_id", 15]]
  [1m[36mBid Load (0.1ms)[0m  [1m[34mSELECT "bids".* FROM "bids" WHERE "bids"."user_id" = $1[0m  [["user_id", 15]]
  [1m[36mUser Destroy (0.3ms)[0m  [1m[31mDELETE FROM "users" WHERE "users"."id" = $1[0m  [["id", 15]]
  [1m[36mTRANSACTION (0.5ms)[0m  [1m[35mCOMMIT[0m
  [1m[36mTRANSACTION (0.1ms)[0m  [1m[35mBEGIN[0m
  [1m[36mAuction Load (0.1ms)[0m  [1m[34mSELECT "auctions".* FROM "auctions" WHERE "auctions"."user_id" = $1[0m  [["user_id", 16]]
  [1m[36mBid Load (0.1ms)[0m  [1m[34mSELECT "bids".* FROM "bids" WHERE "bids"."user_id" = $1[0m  [["user_id", 16]]
  [1m[36mUser Destroy (0.4ms)[0m  [1m[31mDELETE FROM "users" WHERE "users"."id" = $1[0m  [["id", 16]]
  [1m[36mTRANSACTION (0.3ms)[0m  [1m[35mCOMMIT[0m
  [1m[36mTRANSACTION (0.1ms)[0m  [1m[35mBEGIN[0m
  [1m[36mAuction Load (0.2ms)[0m  [1m[34mSELECT "auctions".* FROM "auctions" WHERE "auctions"."user_id" = $1[0m  [["user_id", 17]]
  [1m[36mBid Load (0.1ms)[0m  [1m[34mSELECT "bids".* FROM "bids" WHERE "bids"."user_id" = $1[0m  [["user_id", 17]]
  [1m[36mUser Destroy (0.4ms)[0m  [1m[31mDELETE FROM "users" WHERE "users"."id" = $1[0m  [["id", 17]]
  [1m[36mTRANSACTION (0.2ms)[0m  [1m[35mCOMMIT[0m
  [1m[36mTRANSACTION (0.1ms)[0m  [1m[35mBEGIN[0m
  [1m[36mAuction Load (0.1ms)[0m  [1m[34mSELECT "auctions".* FROM "auctions" WHERE "auctions"."user_id" = $1[0m  [["user_id", 18]]
  [1m[36mAuction Destroy (0.3ms)[0m  [1m[31mDELETE FROM "auctions" WHERE "auctions"."id" = $1[0m  [["id", 2]]
  [1m[36mBid Load (0.1ms)[0m  [1m[34mSELECT "bids".* FROM "bids" WHERE "bids"."user_id" = $1[0m  [["user_id", 18]]
  [1m[36mUser Destroy (0.3ms)[0m  [1m[31mDELETE FROM "users" WHERE "users"."id" = $1[0m  [["id", 18]]
  [1m[36mTRANSACTION (0.2ms)[0m  [1m[35mCOMMIT[0m
  [1m[36mBid Load (0.1ms)[0m  [1m[34mSELECT "bids".* FROM "bids"[0m
  [1m[36mAuction Load (0.1ms)[0m  [1m[34mSELECT "auctions".* FROM "auctions"[0m
  [1m[36mTRANSACTION (0.1ms)[0m  [1m[35mBEGIN[0m
  [1m[36mUser Exists? (0.6ms)[0m  [1m[34mSELECT 1 AS one FROM "users" WHERE "users"."email" = $1 LIMIT $2[0m  [["email", "admin@user.com"], ["LIMIT", 1]]
  [1m[36mUser Create (1.7ms)[0m  [1m[32mINSERT INTO "users" ("first_name", "last_name", "email", "password_digest", "created_at", "updated_at") VALUES ($1, $2, $3, $4, $5, $6) RETURNING "id"[0m  [["first_name", "Admin"], ["last_name", "User"], ["email", "admin@user.com"], ["password_digest", "[FILTERED]"], ["created_at", "2022-04-19 18:13:08.045823"], ["updated_at", "2022-04-19 18:13:08.045823"]]
  [1m[36mTRANSACTION (0.3ms)[0m  [1m[35mCOMMIT[0m
  [1m[36mTRANSACTION (0.1ms)[0m  [1m[35mBEGIN[0m
  [1m[36mUser Exists? (0.3ms)[0m  [1m[34mSELECT 1 AS one FROM "users" WHERE "users"."email" = $1 LIMIT $2[0m  [["email", "Cynthia_Keeling@user.com"], ["LIMIT", 1]]
  [1m[36mUser Create (0.2ms)[0m  [1m[32mINSERT INTO "users" ("first_name", "last_name", "email", "password_digest", "created_at", "updated_at") VALUES ($1, $2, $3, $4, $5, $6) RETURNING "id"[0m  [["first_name", "Cynthia"], ["last_name", "Keeling"], ["email", "Cynthia_Keeling@user.com"], ["password_digest", "[FILTERED]"], ["created_at", "2022-04-19 18:13:08.128306"], ["updated_at", "2022-04-19 18:13:08.128306"]]
  [1m[36mTRANSACTION (0.8ms)[0m  [1m[35mCOMMIT[0m
  [1m[36mTRANSACTION (0.4ms)[0m  [1m[35mBEGIN[0m
  [1m[36mUser Exists? (0.2ms)[0m  [1m[34mSELECT 1 AS one FROM "users" WHERE "users"."email" = $1 LIMIT $2[0m  [["email", "Kelly_Von@user.com"], ["LIMIT", 1]]
  [1m[36mUser Create (0.3ms)[0m  [1m[32mINSERT INTO "users" ("first_name", "last_name", "email", "password_digest", "created_at", "updated_at") VALUES ($1, $2, $3, $4, $5, $6) RETURNING "id"[0m  [["first_name", "Kelly"], ["last_name", "Von"], ["email", "Kelly_Von@user.com"], ["password_digest", "[FILTERED]"], ["created_at", "2022-04-19 18:13:08.131507"], ["updated_at", "2022-04-19 18:13:08.131507"]]
  [1m[36mTRANSACTION (0.3ms)[0m  [1m[35mCOMMIT[0m
  [1m[36mTRANSACTION (0.1ms)[0m  [1m[35mBEGIN[0m
  [1m[36mUser Exists? (0.2ms)[0m  [1m[34mSELECT 1 AS one FROM "users" WHERE "users"."email" = $1 LIMIT $2[0m  [["email", "Devin_Schaefer@user.com"], ["LIMIT", 1]]
  [1m[36mUser Create (0.2ms)[0m  [1m[32mINSERT INTO "users" ("first_name", "last_name", "email", "password_digest", "created_at", "updated_at") VALUES ($1, $2, $3, $4, $5, $6) RETURNING "id"[0m  [["first_name", "Devin"], ["last_name", "Schaefer"], ["email", "Devin_Schaefer@user.com"], ["password_digest", "[FILTERED]"], ["created_at", "2022-04-19 18:13:08.133728"], ["updated_at", "2022-04-19 18:13:08.133728"]]
  [1m[36mTRANSACTION (0.2ms)[0m  [1m[35mCOMMIT[0m
  [1m[36mTRANSACTION (0.1ms)[0m  [1m[35mBEGIN[0m
  [1m[36mUser Exists? (0.2ms)[0m  [1m[34mSELECT 1 AS one FROM "users" WHERE "users"."email" = $1 LIMIT $2[0m  [["email", "Lorean_Cronin@user.com"], ["LIMIT", 1]]
  [1m[36mUser Create (0.2ms)[0m  [1m[32mINSERT INTO "users" ("first_name", "last_name", "email", "password_digest", "created_at", "updated_at") VALUES ($1, $2, $3, $4, $5, $6) RETURNING "id"[0m  [["first_name", "Lorean"], ["last_name", "Cronin"], ["email", "Lorean_Cronin@user.com"], ["password_digest", "[FILTERED]"], ["created_at", "2022-04-19 18:13:08.135797"], ["updated_at", "2022-04-19 18:13:08.135797"]]
  [1m[36mTRANSACTION (0.2ms)[0m  [1m[35mCOMMIT[0m
  [1m[36mTRANSACTION (0.1ms)[0m  [1m[35mBEGIN[0m
  [1m[36mUser Exists? (0.2ms)[0m  [1m[34mSELECT 1 AS one FROM "users" WHERE "users"."email" = $1 LIMIT $2[0m  [["email", "Keenan_Homenick@user.com"], ["LIMIT", 1]]
  [1m[36mUser Create (0.4ms)[0m  [1m[32mINSERT INTO "users" ("first_name", "last_name", "email", "password_digest", "created_at", "updated_at") VALUES ($1, $2, $3, $4, $5, $6) RETURNING "id"[0m  [["first_name", "Keenan"], ["last_name", "Homenick"], ["email", "Keenan_Homenick@user.com"], ["password_digest", "[FILTERED]"], ["created_at", "2022-04-19 18:13:08.137839"], ["updated_at", "2022-04-19 18:13:08.137839"]]
  [1m[36mTRANSACTION (0.2ms)[0m  [1m[35mCOMMIT[0m
  [1m[36mUser Load (0.2ms)[0m  [1m[34mSELECT "users".* FROM "users"[0m
  [1m[36mTRANSACTION (0.1ms)[0m  [1m[35mBEGIN[0m
  [1m[36mAuction Create (0.9ms)[0m  [1m[32mINSERT INTO "auctions" ("title", "description", "current_price", "bid_end_at", "reserve_price", "user_id", "created_at", "updated_at") VALUES ($1, $2, $3, $4, $5, $6, $7, $8) RETURNING "id"[0m  [["title", "Sigma"], ["description", "Fujifilm XQ2"], ["current_price", 4], ["bid_end_at", nil], ["reserve_price", nil], ["user_id", 24], ["created_at", "2022-04-09 00:00:00"], ["updated_at", "2022-04-09 00:00:00"]]
  [1m[36mTRANSACTION (0.3ms)[0m  [1m[35mCOMMIT[0m
  [1m[36mTRANSACTION (0.1ms)[0m  [1m[35mBEGIN[0m
  [1m[36mBid Create (0.9ms)[0m  [1m[32mINSERT INTO "bids" ("bid_price", "user_id", "auction_id", "created_at", "updated_at") VALUES ($1, $2, $3, $4, $5) RETURNING "id"[0m  [["bid_price", 4], ["user_id", 22], ["auction_id", 3], ["created_at", "2022-04-19 18:13:08.146610"], ["updated_at", "2022-04-19 18:13:08.146610"]]
  [1m[36mTRANSACTION (0.2ms)[0m  [1m[35mCOMMIT[0m
  [1m[36mTRANSACTION (0.1ms)[0m  [1m[35mBEGIN[0m
  [1m[36mBid Create (0.4ms)[0m  [1m[32mINSERT INTO "bids" ("bid_price", "user_id", "auction_id", "created_at", "updated_at") VALUES ($1, $2, $3, $4, $5) RETURNING "id"[0m  [["bid_price", 2], ["user_id", 20], ["auction_id", 3], ["created_at", "2022-04-19 18:13:08.148730"], ["updated_at", "2022-04-19 18:13:08.148730"]]
  [1m[36mTRANSACTION (0.2ms)[0m  [1m[35mCOMMIT[0m
  [1m[36mTRANSACTION (0.6ms)[0m  [1m[35mBEGIN[0m
  [1m[36mBid Create (0.4ms)[0m  [1m[32mINSERT INTO "bids" ("bid_price", "user_id", "auction_id", "created_at", "updated_at") VALUES ($1, $2, $3, $4, $5) RETURNING "id"[0m  [["bid_price", 9], ["user_id", 23], ["auction_id", 3], ["created_at", "2022-04-19 18:13:08.150264"], ["updated_at", "2022-04-19 18:13:08.150264"]]
  [1m[36mTRANSACTION (0.3ms)[0m  [1m[35mCOMMIT[0m
  [1m[36mTRANSACTION (0.1ms)[0m  [1m[35mBEGIN[0m
  [1m[36mBid Create (0.4ms)[0m  [1m[32mINSERT INTO "bids" ("bid_price", "user_id", "auction_id", "created_at", "updated_at") VALUES ($1, $2, $3, $4, $5) RETURNING "id"[0m  [["bid_price", 2], ["user_id", 22], ["auction_id", 3], ["created_at", "2022-04-19 18:13:08.152435"], ["updated_at", "2022-04-19 18:13:08.152435"]]
  [1m[36mTRANSACTION (0.2ms)[0m  [1m[35mCOMMIT[0m
  [1m[36mTRANSACTION (0.1ms)[0m  [1m[35mBEGIN[0m
  [1m[36mAuction Create (0.3ms)[0m  [1m[32mINSERT INTO "auctions" ("title", "description", "current_price", "bid_end_at", "reserve_price", "user_id", "created_at", "updated_at") VALUES ($1, $2, $3, $4, $5, $6, $7, $8) RETURNING "id"[0m  [["title", "Panasonic"], ["description", "Samsung WB35F"], ["current_price", 8], ["bid_end_at", nil], ["reserve_price", nil], ["user_id", 24], ["created_at", "2022-03-19 00:00:00"], ["updated_at", "2022-03-19 00:00:00"]]
  [1m[36mTRANSACTION (0.2ms)[0m  [1m[35mCOMMIT[0m
  [1m[36mTRANSACTION (0.1ms)[0m  [1m[35mBEGIN[0m
  [1m[36mBid Create (0.4ms)[0m  [1m[32mINSERT INTO "bids" ("bid_price", "user_id", "auction_id", "created_at", "updated_at") VALUES ($1, $2, $3, $4, $5) RETURNING "id"[0m  [["bid_price", 8], ["user_id", 22], ["auction_id", 4], ["created_at", "2022-04-19 18:13:08.155668"], ["updated_at", "2022-04-19 18:13:08.155668"]]
  [1m[36mTRANSACTION (0.2ms)[0m  [1m[35mCOMMIT[0m
  [1m[36mTRANSACTION (0.2ms)[0m  [1m[35mBEGIN[0m
  [1m[36mBid Create (0.9ms)[0m  [1m[32mINSERT INTO "bids" ("bid_price", "user_id", "auction_id", "created_at", "updated_at") VALUES ($1, $2, $3, $4, $5) RETURNING "id"[0m  [["bid_price", 7], ["user_id", 19], ["auction_id", 4], ["created_at", "2022-04-19 18:13:08.157213"], ["updated_at", "2022-04-19 18:13:08.157213"]]
  [1m[36mTRANSACTION (0.3ms)[0m  [1m[35mCOMMIT[0m
  [1m[36mTRANSACTION (0.1ms)[0m  [1m[35mBEGIN[0m
  [1m[36mBid Create (0.3ms)[0m  [1m[32mINSERT INTO "bids" ("bid_price", "user_id", "auction_id", "created_at", "updated_at") VALUES ($1, $2, $3, $4, $5) RETURNING "id"[0m  [["bid_price", 4], ["user_id", 23], ["auction_id", 4], ["created_at", "2022-04-19 18:13:08.159484"], ["updated_at", "2022-04-19 18:13:08.159484"]]
  [1m[36mTRANSACTION (0.6ms)[0m  [1m[35mCOMMIT[0m
  [1m[36mTRANSACTION (0.2ms)[0m  [1m[35mBEGIN[0m
  [1m[36mBid Create (0.7ms)[0m  [1m[32mINSERT INTO "bids" ("bid_price", "user_id", "auction_id", "created_at", "updated_at") VALUES ($1, $2, $3, $4, $5) RETURNING "id"[0m  [["bid_price", 5], ["user_id", 24], ["auction_id", 4], ["created_at", "2022-04-19 18:13:08.161298"], ["updated_at", "2022-04-19 18:13:08.161298"]]
  [1m[36mTRANSACTION (0.3ms)[0m  [1m[35mCOMMIT[0m
  [1m[36mTRANSACTION (0.1ms)[0m  [1m[35mBEGIN[0m
  [1m[36mAuction Create (0.3ms)[0m  [1m[32mINSERT INTO "auctions" ("title", "description", "current_price", "bid_end_at", "reserve_price", "user_id", "created_at", "updated_at") VALUES ($1, $2, $3, $4, $5, $6, $7, $8) RETURNING "id"[0m  [["title", "Sigma"], ["description", "Ricoh CX4"], ["current_price", 2], ["bid_end_at", nil], ["reserve_price", nil], ["user_id", 21], ["created_at", "2022-03-29 00:00:00"], ["updated_at", "2022-03-29 00:00:00"]]
  [1m[36mTRANSACTION (0.2ms)[0m  [1m[35mCOMMIT[0m
  [1m[36mTRANSACTION (0.1ms)[0m  [1m[35mBEGIN[0m
  [1m[36mBid Create (0.2ms)[0m  [1m[32mINSERT INTO "bids" ("bid_price", "user_id", "auction_id", "created_at", "updated_at") VALUES ($1, $2, $3, $4, $5) RETURNING "id"[0m  [["bid_price", 2], ["user_id", 24], ["auction_id", 5], ["created_at", "2022-04-19 18:13:08.165366"], ["updated_at", "2022-04-19 18:13:08.165366"]]
  [1m[36mTRANSACTION (0.2ms)[0m  [1m[35mCOMMIT[0m
  [1m[36mTRANSACTION (0.1ms)[0m  [1m[35mBEGIN[0m
  [1m[36mBid Create (0.3ms)[0m  [1m[32mINSERT INTO "bids" ("bid_price", "user_id", "auction_id", "created_at", "updated_at") VALUES ($1, $2, $3, $4, $5) RETURNING "id"[0m  [["bid_price", 5], ["user_id", 20], ["auction_id", 5], ["created_at", "2022-04-19 18:13:08.166802"], ["updated_at", "2022-04-19 18:13:08.166802"]]
  [1m[36mTRANSACTION (0.2ms)[0m  [1m[35mCOMMIT[0m
  [1m[36mTRANSACTION (0.1ms)[0m  [1m[35mBEGIN[0m
  [1m[36mAuction Create (0.3ms)[0m  [1m[32mINSERT INTO "auctions" ("title", "description", "current_price", "bid_end_at", "reserve_price", "user_id", "created_at", "updated_at") VALUES ($1, $2, $3, $4, $5, $6, $7, $8) RETURNING "id"[0m  [["title", "Ricoh"], ["description", "Kodak EasyShare M590"], ["current_price", 4], ["bid_end_at", nil], ["reserve_price", nil], ["user_id", 23], ["created_at", "2022-04-11 00:00:00"], ["updated_at", "2022-04-11 00:00:00"]]
  [1m[36mTRANSACTION (0.2ms)[0m  [1m[35mCOMMIT[0m
  [1m[36mTRANSACTION (0.1ms)[0m  [1m[35mBEGIN[0m
  [1m[36mBid Create (0.6ms)[0m  [1m[32mINSERT INTO "bids" ("bid_price", "user_id", "auction_id", "created_at", "updated_at") VALUES ($1, $2, $3, $4, $5) RETURNING "id"[0m  [["bid_price", 5], ["user_id", 22], ["auction_id", 6], ["created_at", "2022-04-19 18:13:08.170052"], ["updated_at", "2022-04-19 18:13:08.170052"]]
  [1m[36mTRANSACTION (0.3ms)[0m  [1m[35mCOMMIT[0m
  [1m[36mTRANSACTION (0.1ms)[0m  [1m[35mBEGIN[0m
  [1m[36mBid Create (0.3ms)[0m  [1m[32mINSERT INTO "bids" ("bid_price", "user_id", "auction_id", "created_at", "updated_at") VALUES ($1, $2, $3, $4, $5) RETURNING "id"[0m  [["bid_price", 9], ["user_id", 21], ["auction_id", 6], ["created_at", "2022-04-19 18:13:08.171940"], ["updated_at", "2022-04-19 18:13:08.171940"]]
  [1m[36mTRANSACTION (0.2ms)[0m  [1m[35mCOMMIT[0m
  [1m[36mTRANSACTION (0.1ms)[0m  [1m[35mBEGIN[0m
  [1m[36mBid Create (0.3ms)[0m  [1m[32mINSERT INTO "bids" ("bid_price", "user_id", "auction_id", "created_at", "updated_at") VALUES ($1, $2, $3, $4, $5) RETURNING "id"[0m  [["bid_price", 3], ["user_id", 21], ["auction_id", 6], ["created_at", "2022-04-19 18:13:08.173402"], ["updated_at", "2022-04-19 18:13:08.173402"]]
  [1m[36mTRANSACTION (0.2ms)[0m  [1m[35mCOMMIT[0m
  [1m[36mTRANSACTION (0.1ms)[0m  [1m[35mBEGIN[0m
  [1m[36mBid Create (0.3ms)[0m  [1m[32mINSERT INTO "bids" ("bid_price", "user_id", "auction_id", "created_at", "updated_at") VALUES ($1, $2, $3, $4, $5) RETURNING "id"[0m  [["bid_price", 8], ["user_id", 21], ["auction_id", 6], ["created_at", "2022-04-19 18:13:08.174977"], ["updated_at", "2022-04-19 18:13:08.174977"]]
  [1m[36mTRANSACTION (0.2ms)[0m  [1m[35mCOMMIT[0m
  [1m[36mTRANSACTION (0.1ms)[0m  [1m[35mBEGIN[0m
  [1m[36mBid Create (0.3ms)[0m  [1m[32mINSERT INTO "bids" ("bid_price", "user_id", "auction_id", "created_at", "updated_at") VALUES ($1, $2, $3, $4, $5) RETURNING "id"[0m  [["bid_price", 8], ["user_id", 23], ["auction_id", 6], ["created_at", "2022-04-19 18:13:08.176516"], ["updated_at", "2022-04-19 18:13:08.176516"]]
  [1m[36mTRANSACTION (0.6ms)[0m  [1m[35mCOMMIT[0m
  [1m[36mTRANSACTION (0.1ms)[0m  [1m[35mBEGIN[0m
  [1m[36mAuction Create (0.3ms)[0m  [1m[32mINSERT INTO "auctions" ("title", "description", "current_price", "bid_end_at", "reserve_price", "user_id", "created_at", "updated_at") VALUES ($1, $2, $3, $4, $5, $6, $7, $8) RETURNING "id"[0m  [["title", "Kodak"], ["description", "Sony Alpha 68"], ["current_price", 0], ["bid_end_at", nil], ["reserve_price", nil], ["user_id", 24], ["created_at", "2022-03-23 00:00:00"], ["updated_at", "2022-03-23 00:00:00"]]
  [1m[36mTRANSACTION (0.2ms)[0m  [1m[35mCOMMIT[0m
  [1m[36mTRANSACTION (0.1ms)[0m  [1m[35mBEGIN[0m
  [1m[36mBid Create (0.3ms)[0m  [1m[32mINSERT INTO "bids" ("bid_price", "user_id", "auction_id", "created_at", "updated_at") VALUES ($1, $2, $3, $4, $5) RETURNING "id"[0m  [["bid_price", 5], ["user_id", 22], ["auction_id", 7], ["created_at", "2022-04-19 18:13:08.180208"], ["updated_at", "2022-04-19 18:13:08.180208"]]
  [1m[36mTRANSACTION (0.2ms)[0m  [1m[35mCOMMIT[0m
  [1m[36mUser Count (0.4ms)[0m  [1m[34mSELECT COUNT(*) FROM "users"[0m
  [1m[36mAuction Count (2.0ms)[0m  [1m[34mSELECT COUNT(*) FROM "auctions"[0m
  [1m[36mBid Count (0.2ms)[0m  [1m[34mSELECT COUNT(*) FROM "bids"[0m
  [1m[36mUser Load (0.9ms)[0m  [1m[34mSELECT "users".* FROM "users"[0m
  [1m[36mAuction Load (1.7ms)[0m  [1m[34mSELECT "auctions".* FROM "auctions"[0m
  [1m[36mBid Load (1.9ms)[0m  [1m[34mSELECT "bids".* FROM "bids"[0m
  [1m[36mAuction Load (2.4ms)[0m  [1m[34mSELECT "auctions".* FROM "auctions"[0m
Started GET "/" for ::1 at 2022-04-19 11:43:36 -0700
  [1m[36mActiveRecord::SchemaMigration Pluck (0.8ms)[0m  [1m[34mSELECT "schema_migrations"."version" FROM "schema_migrations" ORDER BY "schema_migrations"."version" ASC[0m
Processing by Rails::WelcomeController#index as HTML
  Rendering /Users/khoanguyen-gray/.rvm/gems/ruby-3.0.0/gems/railties-7.0.2.3/lib/rails/templates/rails/welcome/index.html.erb
  Rendered /Users/khoanguyen-gray/.rvm/gems/ruby-3.0.0/gems/railties-7.0.2.3/lib/rails/templates/rails/welcome/index.html.erb (Duration: 1.3ms | Allocations: 742)
Completed 200 OK in 9ms (Views: 4.0ms | ActiveRecord: 0.0ms | Allocations: 6998)


Started GET "/api/v1/auctions/" for ::1 at 2022-04-19 11:46:52 -0700
  [1m[36mActiveRecord::SchemaMigration Pluck (1.7ms)[0m  [1m[34mSELECT "schema_migrations"."version" FROM "schema_migrations" ORDER BY "schema_migrations"."version" ASC[0m
  
ActionController::RoutingError (No route matches [GET] "/api/v1/auctions"):
  
Started GET "/api/v1/auctions/index" for ::1 at 2022-04-19 11:47:11 -0700
  
ActionController::RoutingError (No route matches [GET] "/api/v1/auctions/index"):
  
Started GET "/api/v1/auctions/index" for ::1 at 2022-04-19 11:51:48 -0700
  [1m[36mActiveRecord::SchemaMigration Pluck (1.1ms)[0m  [1m[34mSELECT "schema_migrations"."version" FROM "schema_migrations" ORDER BY "schema_migrations"."version" ASC[0m
  
AbstractController::ActionNotFound (The action 'show' could not be found for Api::V1::AuctionsController):
  
actionpack (7.0.2.3) lib/abstract_controller/base.rb:146:in `process'
actionview (7.0.2.3) lib/action_view/rendering.rb:39:in `process'
actionpack (7.0.2.3) lib/action_controller/metal.rb:188:in `dispatch'
actionpack (7.0.2.3) lib/action_controller/metal.rb:251:in `dispatch'
actionpack (7.0.2.3) lib/action_dispatch/routing/route_set.rb:49:in `dispatch'
actionpack (7.0.2.3) lib/action_dispatch/routing/route_set.rb:32:in `serve'
actionpack (7.0.2.3) lib/action_dispatch/journey/router.rb:50:in `block in serve'
actionpack (7.0.2.3) lib/action_dispatch/journey/router.rb:32:in `each'
actionpack (7.0.2.3) lib/action_dispatch/journey/router.rb:32:in `serve'
actionpack (7.0.2.3) lib/action_dispatch/routing/route_set.rb:850:in `call'
rack (2.2.3) lib/rack/tempfile_reaper.rb:15:in `call'
rack (2.2.3) lib/rack/etag.rb:27:in `call'
rack (2.2.3) lib/rack/conditional_get.rb:27:in `call'
rack (2.2.3) lib/rack/head.rb:12:in `call'
actionpack (7.0.2.3) lib/action_dispatch/http/permissions_policy.rb:22:in `call'
actionpack (7.0.2.3) lib/action_dispatch/http/content_security_policy.rb:18:in `call'
rack (2.2.3) lib/rack/session/abstract/id.rb:266:in `context'
rack (2.2.3) lib/rack/session/abstract/id.rb:260:in `call'
actionpack (7.0.2.3) lib/action_dispatch/middleware/cookies.rb:693:in `call'
activerecord (7.0.2.3) lib/active_record/migration.rb:603:in `call'
actionpack (7.0.2.3) lib/action_dispatch/middleware/callbacks.rb:27:in `block in call'
activesupport (7.0.2.3) lib/active_support/callbacks.rb:99:in `run_callbacks'
actionpack (7.0.2.3) lib/action_dispatch/middleware/callbacks.rb:26:in `call'
actionpack (7.0.2.3) lib/action_dispatch/middleware/executor.rb:14:in `call'
actionpack (7.0.2.3) lib/action_dispatch/middleware/actionable_exceptions.rb:17:in `call'
actionpack (7.0.2.3) lib/action_dispatch/middleware/debug_exceptions.rb:28:in `call'
web-console (4.2.0) lib/web_console/middleware.rb:132:in `call_app'
web-console (4.2.0) lib/web_console/middleware.rb:28:in `block in call'
web-console (4.2.0) lib/web_console/middleware.rb:17:in `catch'
web-console (4.2.0) lib/web_console/middleware.rb:17:in `call'
actionpack (7.0.2.3) lib/action_dispatch/middleware/show_exceptions.rb:26:in `call'
railties (7.0.2.3) lib/rails/rack/logger.rb:36:in `call_app'
railties (7.0.2.3) lib/rails/rack/logger.rb:25:in `block in call'
activesupport (7.0.2.3) lib/active_support/tagged_logging.rb:99:in `block in tagged'
activesupport (7.0.2.3) lib/active_support/tagged_logging.rb:37:in `tagged'
activesupport (7.0.2.3) lib/active_support/tagged_logging.rb:99:in `tagged'
railties (7.0.2.3) lib/rails/rack/logger.rb:25:in `call'
sprockets-rails (3.4.2) lib/sprockets/rails/quiet_assets.rb:13:in `call'
actionpack (7.0.2.3) lib/action_dispatch/middleware/remote_ip.rb:93:in `call'
actionpack (7.0.2.3) lib/action_dispatch/middleware/request_id.rb:26:in `call'
rack (2.2.3) lib/rack/method_override.rb:24:in `call'
rack (2.2.3) lib/rack/runtime.rb:22:in `call'
activesupport (7.0.2.3) lib/active_support/cache/strategy/local_cache_middleware.rb:29:in `call'
actionpack (7.0.2.3) lib/action_dispatch/middleware/server_timing.rb:20:in `call'
actionpack (7.0.2.3) lib/action_dispatch/middleware/executor.rb:14:in `call'
actionpack (7.0.2.3) lib/action_dispatch/middleware/static.rb:23:in `call'
rack (2.2.3) lib/rack/sendfile.rb:110:in `call'
actionpack (7.0.2.3) lib/action_dispatch/middleware/host_authorization.rb:137:in `call'
railties (7.0.2.3) lib/rails/engine.rb:530:in `call'
puma (5.6.4) lib/puma/configuration.rb:252:in `call'
puma (5.6.4) lib/puma/request.rb:77:in `block in handle_request'
puma (5.6.4) lib/puma/thread_pool.rb:340:in `with_force_shutdown'
puma (5.6.4) lib/puma/request.rb:76:in `handle_request'
puma (5.6.4) lib/puma/server.rb:441:in `process_client'
puma (5.6.4) lib/puma/thread_pool.rb:147:in `block in spawn_thread'
Started GET "/api/v1/auctions/index" for ::1 at 2022-04-19 11:53:24 -0700
  [1m[36mActiveRecord::SchemaMigration Pluck (0.9ms)[0m  [1m[34mSELECT "schema_migrations"."version" FROM "schema_migrations" ORDER BY "schema_migrations"."version" ASC[0m
  
AbstractController::ActionNotFound (The action 'show' could not be found for Api::V1::AuctionsController):
  
actionpack (7.0.2.3) lib/abstract_controller/base.rb:146:in `process'
actionview (7.0.2.3) lib/action_view/rendering.rb:39:in `process'
actionpack (7.0.2.3) lib/action_controller/metal.rb:188:in `dispatch'
actionpack (7.0.2.3) lib/action_controller/metal.rb:251:in `dispatch'
actionpack (7.0.2.3) lib/action_dispatch/routing/route_set.rb:49:in `dispatch'
actionpack (7.0.2.3) lib/action_dispatch/routing/route_set.rb:32:in `serve'
actionpack (7.0.2.3) lib/action_dispatch/journey/router.rb:50:in `block in serve'
actionpack (7.0.2.3) lib/action_dispatch/journey/router.rb:32:in `each'
actionpack (7.0.2.3) lib/action_dispatch/journey/router.rb:32:in `serve'
actionpack (7.0.2.3) lib/action_dispatch/routing/route_set.rb:850:in `call'
rack (2.2.3) lib/rack/tempfile_reaper.rb:15:in `call'
rack (2.2.3) lib/rack/etag.rb:27:in `call'
rack (2.2.3) lib/rack/conditional_get.rb:27:in `call'
rack (2.2.3) lib/rack/head.rb:12:in `call'
actionpack (7.0.2.3) lib/action_dispatch/http/permissions_policy.rb:22:in `call'
actionpack (7.0.2.3) lib/action_dispatch/http/content_security_policy.rb:18:in `call'
rack (2.2.3) lib/rack/session/abstract/id.rb:266:in `context'
rack (2.2.3) lib/rack/session/abstract/id.rb:260:in `call'
actionpack (7.0.2.3) lib/action_dispatch/middleware/cookies.rb:693:in `call'
activerecord (7.0.2.3) lib/active_record/migration.rb:603:in `call'
actionpack (7.0.2.3) lib/action_dispatch/middleware/callbacks.rb:27:in `block in call'
activesupport (7.0.2.3) lib/active_support/callbacks.rb:99:in `run_callbacks'
actionpack (7.0.2.3) lib/action_dispatch/middleware/callbacks.rb:26:in `call'
actionpack (7.0.2.3) lib/action_dispatch/middleware/executor.rb:14:in `call'
actionpack (7.0.2.3) lib/action_dispatch/middleware/actionable_exceptions.rb:17:in `call'
actionpack (7.0.2.3) lib/action_dispatch/middleware/debug_exceptions.rb:28:in `call'
web-console (4.2.0) lib/web_console/middleware.rb:132:in `call_app'
web-console (4.2.0) lib/web_console/middleware.rb:28:in `block in call'
web-console (4.2.0) lib/web_console/middleware.rb:17:in `catch'
web-console (4.2.0) lib/web_console/middleware.rb:17:in `call'
actionpack (7.0.2.3) lib/action_dispatch/middleware/show_exceptions.rb:26:in `call'
railties (7.0.2.3) lib/rails/rack/logger.rb:36:in `call_app'
railties (7.0.2.3) lib/rails/rack/logger.rb:25:in `block in call'
activesupport (7.0.2.3) lib/active_support/tagged_logging.rb:99:in `block in tagged'
activesupport (7.0.2.3) lib/active_support/tagged_logging.rb:37:in `tagged'
activesupport (7.0.2.3) lib/active_support/tagged_logging.rb:99:in `tagged'
railties (7.0.2.3) lib/rails/rack/logger.rb:25:in `call'
sprockets-rails (3.4.2) lib/sprockets/rails/quiet_assets.rb:13:in `call'
actionpack (7.0.2.3) lib/action_dispatch/middleware/remote_ip.rb:93:in `call'
actionpack (7.0.2.3) lib/action_dispatch/middleware/request_id.rb:26:in `call'
rack (2.2.3) lib/rack/method_override.rb:24:in `call'
rack (2.2.3) lib/rack/runtime.rb:22:in `call'
activesupport (7.0.2.3) lib/active_support/cache/strategy/local_cache_middleware.rb:29:in `call'
actionpack (7.0.2.3) lib/action_dispatch/middleware/server_timing.rb:20:in `call'
actionpack (7.0.2.3) lib/action_dispatch/middleware/executor.rb:14:in `call'
actionpack (7.0.2.3) lib/action_dispatch/middleware/static.rb:23:in `call'
rack (2.2.3) lib/rack/sendfile.rb:110:in `call'
actionpack (7.0.2.3) lib/action_dispatch/middleware/host_authorization.rb:137:in `call'
railties (7.0.2.3) lib/rails/engine.rb:530:in `call'
puma (5.6.4) lib/puma/configuration.rb:252:in `call'
puma (5.6.4) lib/puma/request.rb:77:in `block in handle_request'
puma (5.6.4) lib/puma/thread_pool.rb:340:in `with_force_shutdown'
puma (5.6.4) lib/puma/request.rb:76:in `handle_request'
puma (5.6.4) lib/puma/server.rb:441:in `process_client'
puma (5.6.4) lib/puma/thread_pool.rb:147:in `block in spawn_thread'
Started GET "/" for ::1 at 2022-04-19 11:53:53 -0700
  
ActionController::RoutingError (uninitialized constant AuctionsController
Did you mean?  ActionController):
  
Started GET "/api/v1/questions" for ::1 at 2022-04-19 11:56:03 -0700
  
ActionController::RoutingError (No route matches [GET] "/api/v1/questions"):
  
Started GET "/api/v1/auctions" for ::1 at 2022-04-19 11:56:46 -0700
Processing by Api::V1::AuctionsController#index as JSON
Completed 500 Internal Server Error in 12ms (ActiveRecord: 0.0ms | Allocations: 6709)


  
NameError (uninitialized constant Api::V1::AuctionsController::Question):
  
app/controllers/api/v1/auctions_controller.rb:3:in `index'
Started GET "/api/v1/auctions" for ::1 at 2022-04-19 11:57:08 -0700
Processing by Api::V1::AuctionsController#index as JSON
  [1m[36mAuction Load (2.2ms)[0m  [1m[34mSELECT "auctions".* FROM "auctions" ORDER BY "auctions"."created_at" DESC[0m
  ↳ app/controllers/api/v1/auctions_controller.rb:4:in `index'
Completed 200 OK in 17ms (Views: 4.8ms | ActiveRecord: 7.2ms | Allocations: 11499)


Started GET "/api/v1/questions" for ::1 at 2022-04-19 11:57:14 -0700
  
ActionController::RoutingError (No route matches [GET] "/api/v1/questions"):
  
Started GET "/api/v1/auctions/index" for ::1 at 2022-04-19 11:57:22 -0700
  
AbstractController::ActionNotFound (The action 'show' could not be found for Api::V1::AuctionsController):
  
actionpack (7.0.2.3) lib/abstract_controller/base.rb:146:in `process'
actionview (7.0.2.3) lib/action_view/rendering.rb:39:in `process'
actionpack (7.0.2.3) lib/action_controller/metal.rb:188:in `dispatch'
actionpack (7.0.2.3) lib/action_controller/metal.rb:251:in `dispatch'
actionpack (7.0.2.3) lib/action_dispatch/routing/route_set.rb:49:in `dispatch'
actionpack (7.0.2.3) lib/action_dispatch/routing/route_set.rb:32:in `serve'
actionpack (7.0.2.3) lib/action_dispatch/journey/router.rb:50:in `block in serve'
actionpack (7.0.2.3) lib/action_dispatch/journey/router.rb:32:in `each'
actionpack (7.0.2.3) lib/action_dispatch/journey/router.rb:32:in `serve'
actionpack (7.0.2.3) lib/action_dispatch/routing/route_set.rb:850:in `call'
rack (2.2.3) lib/rack/tempfile_reaper.rb:15:in `call'
rack (2.2.3) lib/rack/etag.rb:27:in `call'
rack (2.2.3) lib/rack/conditional_get.rb:27:in `call'
rack (2.2.3) lib/rack/head.rb:12:in `call'
actionpack (7.0.2.3) lib/action_dispatch/http/permissions_policy.rb:22:in `call'
actionpack (7.0.2.3) lib/action_dispatch/http/content_security_policy.rb:18:in `call'
rack (2.2.3) lib/rack/session/abstract/id.rb:266:in `context'
rack (2.2.3) lib/rack/session/abstract/id.rb:260:in `call'
actionpack (7.0.2.3) lib/action_dispatch/middleware/cookies.rb:693:in `call'
activerecord (7.0.2.3) lib/active_record/migration.rb:603:in `call'
actionpack (7.0.2.3) lib/action_dispatch/middleware/callbacks.rb:27:in `block in call'
activesupport (7.0.2.3) lib/active_support/callbacks.rb:99:in `run_callbacks'
actionpack (7.0.2.3) lib/action_dispatch/middleware/callbacks.rb:26:in `call'
actionpack (7.0.2.3) lib/action_dispatch/middleware/executor.rb:14:in `call'
actionpack (7.0.2.3) lib/action_dispatch/middleware/actionable_exceptions.rb:17:in `call'
actionpack (7.0.2.3) lib/action_dispatch/middleware/debug_exceptions.rb:28:in `call'
web-console (4.2.0) lib/web_console/middleware.rb:132:in `call_app'
web-console (4.2.0) lib/web_console/middleware.rb:28:in `block in call'
web-console (4.2.0) lib/web_console/middleware.rb:17:in `catch'
web-console (4.2.0) lib/web_console/middleware.rb:17:in `call'
actionpack (7.0.2.3) lib/action_dispatch/middleware/show_exceptions.rb:26:in `call'
railties (7.0.2.3) lib/rails/rack/logger.rb:36:in `call_app'
railties (7.0.2.3) lib/rails/rack/logger.rb:25:in `block in call'
activesupport (7.0.2.3) lib/active_support/tagged_logging.rb:99:in `block in tagged'
activesupport (7.0.2.3) lib/active_support/tagged_logging.rb:37:in `tagged'
activesupport (7.0.2.3) lib/active_support/tagged_logging.rb:99:in `tagged'
railties (7.0.2.3) lib/rails/rack/logger.rb:25:in `call'
sprockets-rails (3.4.2) lib/sprockets/rails/quiet_assets.rb:13:in `call'
actionpack (7.0.2.3) lib/action_dispatch/middleware/remote_ip.rb:93:in `call'
actionpack (7.0.2.3) lib/action_dispatch/middleware/request_id.rb:26:in `call'
rack (2.2.3) lib/rack/method_override.rb:24:in `call'
rack (2.2.3) lib/rack/runtime.rb:22:in `call'
activesupport (7.0.2.3) lib/active_support/cache/strategy/local_cache_middleware.rb:29:in `call'
actionpack (7.0.2.3) lib/action_dispatch/middleware/server_timing.rb:20:in `call'
actionpack (7.0.2.3) lib/action_dispatch/middleware/executor.rb:14:in `call'
actionpack (7.0.2.3) lib/action_dispatch/middleware/static.rb:23:in `call'
rack (2.2.3) lib/rack/sendfile.rb:110:in `call'
actionpack (7.0.2.3) lib/action_dispatch/middleware/host_authorization.rb:137:in `call'
railties (7.0.2.3) lib/rails/engine.rb:530:in `call'
puma (5.6.4) lib/puma/configuration.rb:252:in `call'
puma (5.6.4) lib/puma/request.rb:77:in `block in handle_request'
puma (5.6.4) lib/puma/thread_pool.rb:340:in `with_force_shutdown'
puma (5.6.4) lib/puma/request.rb:76:in `handle_request'
puma (5.6.4) lib/puma/server.rb:441:in `process_client'
puma (5.6.4) lib/puma/thread_pool.rb:147:in `block in spawn_thread'
Started GET "/api/v1/auctions" for ::1 at 2022-04-19 11:57:32 -0700
Processing by Api::V1::AuctionsController#index as JSON
  [1m[36mAuction Load (0.5ms)[0m  [1m[34mSELECT "auctions".* FROM "auctions" ORDER BY "auctions"."created_at" DESC[0m
  ↳ app/controllers/api/v1/auctions_controller.rb:4:in `index'
Completed 200 OK in 2ms (Views: 1.2ms | ActiveRecord: 0.5ms | Allocations: 1328)


  [1m[36mAuction Load (2.1ms)[0m  [1m[34mSELECT "auctions".* FROM "auctions" ORDER BY "auctions"."id" ASC LIMIT $1[0m  [["LIMIT", 1]]
Started GET "/api/v1/auctions/3" for ::1 at 2022-04-19 12:25:45 -0700
  [1m[36mActiveRecord::SchemaMigration Pluck (0.7ms)[0m  [1m[34mSELECT "schema_migrations"."version" FROM "schema_migrations" ORDER BY "schema_migrations"."version" ASC[0m
Processing by Api::V1::AuctionsController#show as JSON
  Parameters: {"id"=>"3"}
Completed 500 Internal Server Error in 7ms (ActiveRecord: 0.0ms | Allocations: 5225)


  
NoMethodError (undefined method `find_question' for #<Api::V1::AuctionsController:0x0000000000b090>
Did you mean?  find_auction):
  
activesupport (7.0.2.3) lib/active_support/callbacks.rb:400:in `block in make_lambda'
activesupport (7.0.2.3) lib/active_support/callbacks.rb:180:in `block (2 levels) in halting_and_conditional'
actionpack (7.0.2.3) lib/abstract_controller/callbacks.rb:34:in `block (2 levels) in <module:Callbacks>'
activesupport (7.0.2.3) lib/active_support/callbacks.rb:181:in `block in halting_and_conditional'
activesupport (7.0.2.3) lib/active_support/callbacks.rb:595:in `block in invoke_before'
activesupport (7.0.2.3) lib/active_support/callbacks.rb:595:in `each'
activesupport (7.0.2.3) lib/active_support/callbacks.rb:595:in `invoke_before'
activesupport (7.0.2.3) lib/active_support/callbacks.rb:116:in `block in run_callbacks'
actiontext (7.0.2.3) lib/action_text/rendering.rb:20:in `with_renderer'
actiontext (7.0.2.3) lib/action_text/engine.rb:69:in `block (4 levels) in <class:Engine>'
activesupport (7.0.2.3) lib/active_support/callbacks.rb:127:in `instance_exec'
activesupport (7.0.2.3) lib/active_support/callbacks.rb:127:in `block in run_callbacks'
activesupport (7.0.2.3) lib/active_support/callbacks.rb:138:in `run_callbacks'
actionpack (7.0.2.3) lib/abstract_controller/callbacks.rb:233:in `process_action'
actionpack (7.0.2.3) lib/action_controller/metal/rescue.rb:22:in `process_action'
actionpack (7.0.2.3) lib/action_controller/metal/instrumentation.rb:67:in `block in process_action'
activesupport (7.0.2.3) lib/active_support/notifications.rb:206:in `block in instrument'
activesupport (7.0.2.3) lib/active_support/notifications/instrumenter.rb:24:in `instrument'
activesupport (7.0.2.3) lib/active_support/notifications.rb:206:in `instrument'
actionpack (7.0.2.3) lib/action_controller/metal/instrumentation.rb:66:in `process_action'
actionpack (7.0.2.3) lib/action_controller/metal/params_wrapper.rb:259:in `process_action'
activerecord (7.0.2.3) lib/active_record/railties/controller_runtime.rb:27:in `process_action'
actionpack (7.0.2.3) lib/abstract_controller/base.rb:151:in `process'
actionview (7.0.2.3) lib/action_view/rendering.rb:39:in `process'
actionpack (7.0.2.3) lib/action_controller/metal.rb:188:in `dispatch'
actionpack (7.0.2.3) lib/action_controller/metal.rb:251:in `dispatch'
actionpack (7.0.2.3) lib/action_dispatch/routing/route_set.rb:49:in `dispatch'
actionpack (7.0.2.3) lib/action_dispatch/routing/route_set.rb:32:in `serve'
actionpack (7.0.2.3) lib/action_dispatch/journey/router.rb:50:in `block in serve'
actionpack (7.0.2.3) lib/action_dispatch/journey/router.rb:32:in `each'
actionpack (7.0.2.3) lib/action_dispatch/journey/router.rb:32:in `serve'
actionpack (7.0.2.3) lib/action_dispatch/routing/route_set.rb:850:in `call'
rack (2.2.3) lib/rack/tempfile_reaper.rb:15:in `call'
rack (2.2.3) lib/rack/etag.rb:27:in `call'
rack (2.2.3) lib/rack/conditional_get.rb:27:in `call'
rack (2.2.3) lib/rack/head.rb:12:in `call'
actionpack (7.0.2.3) lib/action_dispatch/http/permissions_policy.rb:22:in `call'
actionpack (7.0.2.3) lib/action_dispatch/http/content_security_policy.rb:18:in `call'
rack (2.2.3) lib/rack/session/abstract/id.rb:266:in `context'
rack (2.2.3) lib/rack/session/abstract/id.rb:260:in `call'
actionpack (7.0.2.3) lib/action_dispatch/middleware/cookies.rb:693:in `call'
activerecord (7.0.2.3) lib/active_record/migration.rb:603:in `call'
actionpack (7.0.2.3) lib/action_dispatch/middleware/callbacks.rb:27:in `block in call'
activesupport (7.0.2.3) lib/active_support/callbacks.rb:99:in `run_callbacks'
actionpack (7.0.2.3) lib/action_dispatch/middleware/callbacks.rb:26:in `call'
actionpack (7.0.2.3) lib/action_dispatch/middleware/executor.rb:14:in `call'
actionpack (7.0.2.3) lib/action_dispatch/middleware/actionable_exceptions.rb:17:in `call'
actionpack (7.0.2.3) lib/action_dispatch/middleware/debug_exceptions.rb:28:in `call'
web-console (4.2.0) lib/web_console/middleware.rb:132:in `call_app'
web-console (4.2.0) lib/web_console/middleware.rb:28:in `block in call'
web-console (4.2.0) lib/web_console/middleware.rb:17:in `catch'
web-console (4.2.0) lib/web_console/middleware.rb:17:in `call'
actionpack (7.0.2.3) lib/action_dispatch/middleware/show_exceptions.rb:26:in `call'
railties (7.0.2.3) lib/rails/rack/logger.rb:36:in `call_app'
railties (7.0.2.3) lib/rails/rack/logger.rb:25:in `block in call'
activesupport (7.0.2.3) lib/active_support/tagged_logging.rb:99:in `block in tagged'
activesupport (7.0.2.3) lib/active_support/tagged_logging.rb:37:in `tagged'
activesupport (7.0.2.3) lib/active_support/tagged_logging.rb:99:in `tagged'
railties (7.0.2.3) lib/rails/rack/logger.rb:25:in `call'
sprockets-rails (3.4.2) lib/sprockets/rails/quiet_assets.rb:13:in `call'
actionpack (7.0.2.3) lib/action_dispatch/middleware/remote_ip.rb:93:in `call'
actionpack (7.0.2.3) lib/action_dispatch/middleware/request_id.rb:26:in `call'
rack (2.2.3) lib/rack/method_override.rb:24:in `call'
rack (2.2.3) lib/rack/runtime.rb:22:in `call'
activesupport (7.0.2.3) lib/active_support/cache/strategy/local_cache_middleware.rb:29:in `call'
actionpack (7.0.2.3) lib/action_dispatch/middleware/server_timing.rb:20:in `call'
actionpack (7.0.2.3) lib/action_dispatch/middleware/executor.rb:14:in `call'
actionpack (7.0.2.3) lib/action_dispatch/middleware/static.rb:23:in `call'
rack (2.2.3) lib/rack/sendfile.rb:110:in `call'
actionpack (7.0.2.3) lib/action_dispatch/middleware/host_authorization.rb:137:in `call'
railties (7.0.2.3) lib/rails/engine.rb:530:in `call'
puma (5.6.4) lib/puma/configuration.rb:252:in `call'
puma (5.6.4) lib/puma/request.rb:77:in `block in handle_request'
puma (5.6.4) lib/puma/thread_pool.rb:340:in `with_force_shutdown'
puma (5.6.4) lib/puma/request.rb:76:in `handle_request'
puma (5.6.4) lib/puma/server.rb:441:in `process_client'
puma (5.6.4) lib/puma/thread_pool.rb:147:in `block in spawn_thread'
Started GET "/api/v1/auctions/3" for ::1 at 2022-04-19 12:25:50 -0700
Processing by Api::V1::AuctionsController#show as JSON
  Parameters: {"id"=>"3"}
Completed 500 Internal Server Error in 12ms (ActiveRecord: 0.0ms | Allocations: 2845)


  
NoMethodError (undefined method `find_question' for #<Api::V1::AuctionsController:0x0000000000b478>
Did you mean?  find_auction):
  
activesupport (7.0.2.3) lib/active_support/callbacks.rb:400:in `block in make_lambda'
activesupport (7.0.2.3) lib/active_support/callbacks.rb:180:in `block (2 levels) in halting_and_conditional'
actionpack (7.0.2.3) lib/abstract_controller/callbacks.rb:34:in `block (2 levels) in <module:Callbacks>'
activesupport (7.0.2.3) lib/active_support/callbacks.rb:181:in `block in halting_and_conditional'
activesupport (7.0.2.3) lib/active_support/callbacks.rb:595:in `block in invoke_before'
activesupport (7.0.2.3) lib/active_support/callbacks.rb:595:in `each'
activesupport (7.0.2.3) lib/active_support/callbacks.rb:595:in `invoke_before'
activesupport (7.0.2.3) lib/active_support/callbacks.rb:116:in `block in run_callbacks'
actiontext (7.0.2.3) lib/action_text/rendering.rb:20:in `with_renderer'
actiontext (7.0.2.3) lib/action_text/engine.rb:69:in `block (4 levels) in <class:Engine>'
activesupport (7.0.2.3) lib/active_support/callbacks.rb:127:in `instance_exec'
activesupport (7.0.2.3) lib/active_support/callbacks.rb:127:in `block in run_callbacks'
activesupport (7.0.2.3) lib/active_support/callbacks.rb:138:in `run_callbacks'
actionpack (7.0.2.3) lib/abstract_controller/callbacks.rb:233:in `process_action'
actionpack (7.0.2.3) lib/action_controller/metal/rescue.rb:22:in `process_action'
actionpack (7.0.2.3) lib/action_controller/metal/instrumentation.rb:67:in `block in process_action'
activesupport (7.0.2.3) lib/active_support/notifications.rb:206:in `block in instrument'
activesupport (7.0.2.3) lib/active_support/notifications/instrumenter.rb:24:in `instrument'
activesupport (7.0.2.3) lib/active_support/notifications.rb:206:in `instrument'
actionpack (7.0.2.3) lib/action_controller/metal/instrumentation.rb:66:in `process_action'
actionpack (7.0.2.3) lib/action_controller/metal/params_wrapper.rb:259:in `process_action'
activerecord (7.0.2.3) lib/active_record/railties/controller_runtime.rb:27:in `process_action'
actionpack (7.0.2.3) lib/abstract_controller/base.rb:151:in `process'
actionview (7.0.2.3) lib/action_view/rendering.rb:39:in `process'
actionpack (7.0.2.3) lib/action_controller/metal.rb:188:in `dispatch'
actionpack (7.0.2.3) lib/action_controller/metal.rb:251:in `dispatch'
actionpack (7.0.2.3) lib/action_dispatch/routing/route_set.rb:49:in `dispatch'
actionpack (7.0.2.3) lib/action_dispatch/routing/route_set.rb:32:in `serve'
actionpack (7.0.2.3) lib/action_dispatch/journey/router.rb:50:in `block in serve'
actionpack (7.0.2.3) lib/action_dispatch/journey/router.rb:32:in `each'
actionpack (7.0.2.3) lib/action_dispatch/journey/router.rb:32:in `serve'
actionpack (7.0.2.3) lib/action_dispatch/routing/route_set.rb:850:in `call'
rack (2.2.3) lib/rack/tempfile_reaper.rb:15:in `call'
rack (2.2.3) lib/rack/etag.rb:27:in `call'
rack (2.2.3) lib/rack/conditional_get.rb:27:in `call'
rack (2.2.3) lib/rack/head.rb:12:in `call'
actionpack (7.0.2.3) lib/action_dispatch/http/permissions_policy.rb:22:in `call'
actionpack (7.0.2.3) lib/action_dispatch/http/content_security_policy.rb:18:in `call'
rack (2.2.3) lib/rack/session/abstract/id.rb:266:in `context'
rack (2.2.3) lib/rack/session/abstract/id.rb:260:in `call'
actionpack (7.0.2.3) lib/action_dispatch/middleware/cookies.rb:693:in `call'
activerecord (7.0.2.3) lib/active_record/migration.rb:603:in `call'
actionpack (7.0.2.3) lib/action_dispatch/middleware/callbacks.rb:27:in `block in call'
activesupport (7.0.2.3) lib/active_support/callbacks.rb:99:in `run_callbacks'
actionpack (7.0.2.3) lib/action_dispatch/middleware/callbacks.rb:26:in `call'
actionpack (7.0.2.3) lib/action_dispatch/middleware/executor.rb:14:in `call'
actionpack (7.0.2.3) lib/action_dispatch/middleware/actionable_exceptions.rb:17:in `call'
actionpack (7.0.2.3) lib/action_dispatch/middleware/debug_exceptions.rb:28:in `call'
web-console (4.2.0) lib/web_console/middleware.rb:132:in `call_app'
web-console (4.2.0) lib/web_console/middleware.rb:28:in `block in call'
web-console (4.2.0) lib/web_console/middleware.rb:17:in `catch'
web-console (4.2.0) lib/web_console/middleware.rb:17:in `call'
actionpack (7.0.2.3) lib/action_dispatch/middleware/show_exceptions.rb:26:in `call'
railties (7.0.2.3) lib/rails/rack/logger.rb:36:in `call_app'
railties (7.0.2.3) lib/rails/rack/logger.rb:25:in `block in call'
activesupport (7.0.2.3) lib/active_support/tagged_logging.rb:99:in `block in tagged'
activesupport (7.0.2.3) lib/active_support/tagged_logging.rb:37:in `tagged'
activesupport (7.0.2.3) lib/active_support/tagged_logging.rb:99:in `tagged'
railties (7.0.2.3) lib/rails/rack/logger.rb:25:in `call'
sprockets-rails (3.4.2) lib/sprockets/rails/quiet_assets.rb:13:in `call'
actionpack (7.0.2.3) lib/action_dispatch/middleware/remote_ip.rb:93:in `call'
actionpack (7.0.2.3) lib/action_dispatch/middleware/request_id.rb:26:in `call'
rack (2.2.3) lib/rack/method_override.rb:24:in `call'
rack (2.2.3) lib/rack/runtime.rb:22:in `call'
activesupport (7.0.2.3) lib/active_support/cache/strategy/local_cache_middleware.rb:29:in `call'
actionpack (7.0.2.3) lib/action_dispatch/middleware/server_timing.rb:20:in `call'
actionpack (7.0.2.3) lib/action_dispatch/middleware/executor.rb:14:in `call'
actionpack (7.0.2.3) lib/action_dispatch/middleware/static.rb:23:in `call'
rack (2.2.3) lib/rack/sendfile.rb:110:in `call'
actionpack (7.0.2.3) lib/action_dispatch/middleware/host_authorization.rb:137:in `call'
railties (7.0.2.3) lib/rails/engine.rb:530:in `call'
puma (5.6.4) lib/puma/configuration.rb:252:in `call'
puma (5.6.4) lib/puma/request.rb:77:in `block in handle_request'
puma (5.6.4) lib/puma/thread_pool.rb:340:in `with_force_shutdown'
puma (5.6.4) lib/puma/request.rb:76:in `handle_request'
puma (5.6.4) lib/puma/server.rb:441:in `process_client'
puma (5.6.4) lib/puma/thread_pool.rb:147:in `block in spawn_thread'
Started GET "/api/v1/auctions/3" for ::1 at 2022-04-19 12:26:51 -0700
Processing by Api::V1::AuctionsController#show as JSON
  Parameters: {"id"=>"3"}
  [1m[36mAuction Load (1.5ms)[0m  [1m[34mSELECT "auctions".* FROM "auctions" WHERE "auctions"."id" = $1 LIMIT $2[0m  [["id", 3], ["LIMIT", 1]]
  ↳ app/controllers/api/v1/auctions_controller.rb:29:in `find_auction'
Completed 200 OK in 20ms (Views: 0.3ms | ActiveRecord: 9.2ms | Allocations: 12754)


